<?xml version="1.0" encoding="UTF-8"?>
<!-- Generated by org.testng.reporters.JUnitReportReporter -->
<testsuite hostname="192.168.1.9" failures="0" tests="3" name="HomeTests" time="4.513" errors="0" timestamp="05 mar. 2022 14:11:43 GMT" skipped="0">
  <testcase classname="HomeTests" name="validateClickableMadridBtn" time="0.520"/>
  <testcase classname="HomeTests" name="validateTitleTweetsMadrid" time="1.850"/>
  <testcase classname="HomeTests" name="validateDateCalendar" time="2.143"/>
</testsuite> <!-- HomeTests -->
